commit 03737ea0cfd072b7f0edfd046c2a6f3c45a58b90
Merge: b10a1a6 760e93e
Author: Nilo Lisboa <nilo@cs.utexas.edu>
Date:   Thu Mar 16 19:47:09 2017 -0500

    Merge branch 'dev' of https://github.com/jtd2226/magicdbswe into dev

commit b10a1a6d386eabaf88cdaf3aa6e4172a93bb6534
Author: Nilo Lisboa <nilo@cs.utexas.edu>
Date:   Thu Mar 16 19:46:39 2017 -0500

    models.py

commit 760e93e525cf6f0d56372ed2ede32115a3fcc02a
Author: jtd2226 <joeldavi@utexas.edu>
Date:   Thu Mar 16 19:04:56 2017 -0500

    TestMagic.out

commit e7561a7b629b41c96ccb9197c6f3e55daf142f33
Author: jtd2226 <joeldavi@utexas.edu>
Date:   Thu Mar 16 19:03:22 2017 -0500

    Create TestMagic.py

commit a5b259c5416f5de64565541321a6c72eee0b4454
Author: jtd2226 <joeldavi@utexas.edu>
Date:   Thu Mar 16 18:55:39 2017 -0500

    Update makefile

commit f8a95755516ed2c6bb9b5c7a107aca6737092b3f
Author: jtd2226 <joeldavi@utexas.edu>
Date:   Thu Mar 16 18:45:16 2017 -0500

    Create .travis.yml

commit 63df068c251fc3e18931f576174562003b62a567
Author: jtd2226 <joeldavi@utexas.edu>
Date:   Thu Mar 16 17:20:17 2017 -0500

    default netflix makefile

commit 31484da5349d5738b47156c6a838fc979bbb6212
Author: Mfam22 <m.martinez1120@gmail.com>
Date:   Thu Mar 16 16:53:12 2017 -0500

    Added in more bios and placeholders

commit b23b5883b5c96eb227a1d7e6b6b29b0e05d1d248
Merge: bf6e7b1 61263d7
Author: Mfam22 <m.martinez1120@gmail.com>
Date:   Thu Mar 16 16:20:56 2017 -0500

    Merge branch 'dev' of https://github.com/jtd2226/magicdbswe into dev

commit 61263d7a6e5f282e80ed51621430e28b446c6376
Merge: 113921c 849b73b
Author: Nicholas Cobb <ncobb314@cs.utexas.edu>
Date:   Thu Mar 16 16:13:06 2017 -0500

    Merge branch 'dev' of https://github.com/jtd2226/magicdbswe into dev

commit 113921cc23222a39742859b219e3cb8191c3caae
Author: Nicholas Cobb <ncobb314@cs.utexas.edu>
Date:   Thu Mar 16 16:11:28 2017 -0500

    baby steps on the about page

commit 849b73b3c0d0f145378961e75340b3ce6c5e1d47
Merge: f2f1a3c 2c45c3b
Author: Nestor Castro <nestorcastro@wireless-10-147-171-89.public.utexas.edu>
Date:   Thu Mar 16 15:58:24 2017 -0500

    Merge branch 'dev' of https://github.com/jtd2226/magicdbswe into dev

commit f2f1a3c4e301574aeca6d2cbaec244d4af64e282
Author: Nestor Castro <nestorcastro@wireless-10-147-171-89.public.utexas.edu>
Date:   Thu Mar 16 15:57:57 2017 -0500

    Closes issue #9 'Host web app on GCP'

commit 2c45c3b87c20424eb46c2b53a95269c442dd6fff
Author: Nicholas Cobb <ncobb314@gmail.com>
Date:   Thu Mar 16 15:43:47 2017 -0500

    Delete .DS_Store

commit 440b6f6f7e762a2b61a096ce36eecd05f31079da
Author: Nicholas Cobb <ncobb314@gmail.com>
Date:   Thu Mar 16 15:43:34 2017 -0500

    Delete .DS_Store

commit f82b571ac72aae17371c66a24228e6a88dd770e8
Author: Nicholas Cobb <ncobb314@gmail.com>
Date:   Thu Mar 16 15:43:23 2017 -0500

    Delete .DS_Store

commit d5e87dd7b7a9e11f3de8f22ec5d78bf951a090e8
Author: Nicholas Cobb <ncobb314@cs.utexas.edu>
Date:   Thu Mar 16 15:41:38 2017 -0500

    fixed gitignore

commit d1f2188f609060b510d8b224a6286368e081dede
Author: Nicholas Cobb <ncobb314@cs.utexas.edu>
Date:   Thu Mar 16 15:38:03 2017 -0500

    moved frontend files

commit a4450b8330c3548c5ca40d4a05abbb732902c1fd
Author: Nestor Castro <nestorcastro@Nestors-MacBook-Pro.local>
Date:   Thu Mar 16 01:55:47 2017 -0500

    Created app folder containig the app developed inside the frontend folder; App is online

commit 81b9185d59c845d7d7361147b8c2cc468260ed62
Author: Nicholas Cobb <ncobb314@cs.utexas.edu>
Date:   Tue Mar 14 18:22:45 2017 -0500

    initial frontend files

commit bf6e7b17518df9f6debf27b291ebd27da037d1a3
Author: Joel Davis <rajaadty@gmail.com>
Date:   Tue Mar 14 17:30:13 2017 -0500

    Finished apiary documentation

commit b7ea91f1d1f9e4ce595eb36ed24331f5a5bf309c
Author: Joel Davis <rajaadty@gmail.com>
Date:   Mon Mar 13 18:05:42 2017 -0500

    Transferring API Description file from Apiary.io

commit 0e8125e4ddca4e82b7c2085a74d51109d06c477a
Author: jtd2226 <joeldavi@utexas.edu>
Date:   Mon Mar 13 18:02:53 2017 -0500

    Initial commit
