------------------------
Advisor
71
------------------------
Aetherborn
16
------------------------
Ajani
16
------------------------
Alara
10
------------------------
Ally
112
------------------------
Angel
303
------------------------
Antelope
15
------------------------
Ape
55
------------------------
Arcane
118
------------------------
Archer
112
------------------------
Archon
19
------------------------
Arkhos
2
------------------------
Arlinn
2
------------------------
Artificer
138
------------------------
Ashiok
1
------------------------
Assassin
81
------------------------
Assembly-Worker
0
------------------------
Atog
20
------------------------
Aura
1622
------------------------
Aurochs
7
------------------------
Avatar
133
------------------------
Azgol
2
------------------------
Baddest,
0
------------------------
Badger
6
------------------------
Barbarian
61
------------------------
Basilisk
27
------------------------
Bat
27
------------------------
Bear
45
------------------------
Beast
522
------------------------
Beeble
3
------------------------
Belenon
4
------------------------
Berserker
108
------------------------
Biggest,
0
------------------------
Bird
364
------------------------
Boar
56
------------------------
Bolas
3
------------------------
Bolas’s Meditation Realm
2
------------------------
Bringer
5
------------------------
Brushwagg
1
------------------------
Bureaucrat
1
------------------------
Camel
3
------------------------
Carrier
11
------------------------
Cat
243
------------------------
Centaur
65
------------------------
Cephalid
17
------------------------
Chandra
16
------------------------
Chicken
5
------------------------
Child
3
------------------------
Chimera
17
------------------------
Clamfolk
3
------------------------
Cleric
499
------------------------
Cockatrice
11
------------------------
Construct
204
------------------------
Cow
2
------------------------
Crab
23
------------------------
Crocodile
20
------------------------
Curse
21
------------------------
Cyclops
29
------------------------
Dack
3
------------------------
Daretti
3
------------------------
Dauthi
18
------------------------
Demon
168
------------------------
Desert
4
------------------------
Designer
1
------------------------
Devil
39
------------------------
Dinosaur
1
------------------------
Djinn
81
------------------------
Dominaria
14
------------------------
Domri
2
------------------------
Donkey
6
------------------------
Dovin
1
------------------------
Dragon
364
------------------------
Drake
128
------------------------
Dreadnought
2
------------------------
Drone
78
------------------------
Druid
298
------------------------
Dryad
53
------------------------
Dwarf
83
------------------------
Efreet
36
------------------------
Egg
1
------------------------
Elder
27
------------------------
Eldrazi
190
------------------------
Elemental
716
------------------------
Elephant
91
------------------------
Elf
677
------------------------
Elk
18
------------------------
Elspeth
7
------------------------
Elves
1
------------------------
Equilor
4
------------------------
Equipment
339
------------------------
Ergamon
2
------------------------
Etiquette
1
------------------------
Eye
5
------------------------
Fabacin
2
------------------------
Faerie
144
------------------------
Ferret
2
------------------------
Fish
42
------------------------
Flagbearer
3
------------------------
Forest
413
------------------------
Fortification
1
------------------------
Fox
25
------------------------
Freyalise
1
------------------------
Frog
27
------------------------
Fungus
75
------------------------
Gamer
4
------------------------
Gargoyle
43
------------------------
Garruk
15
------------------------
Gate
47
------------------------
Giant
274
------------------------
Gideon
6
------------------------
Gnome
19
------------------------
Goat
12
------------------------
Goblin
626
------------------------
Goblins
1
------------------------
God
16
------------------------
Golem
170
------------------------
Gorgon
21
------------------------
Gremlin
9
------------------------
Griffin
64
------------------------
Gus
1
------------------------
Hag
12
------------------------
Harpy
8
------------------------
Hellion
20
------------------------
Hero
1
------------------------
Hippo
6
------------------------
Hippogriff
6
------------------------
Homarid
15
------------------------
Homunculus
16
------------------------
Horror
270
------------------------
Horse
51
------------------------
Hound
99
------------------------
Human
3079
------------------------
Hydra
62
------------------------
Hyena
3
------------------------
Igpay
1
------------------------
Illusion
157
------------------------
Imp
87
------------------------
Incarnation
40
------------------------
Innistrad
8
------------------------
Insect
231
------------------------
Iquatana
2
------------------------
Ir
2
------------------------
Island
385
------------------------
Jace
20
------------------------
Jellyfish
24
------------------------
Juggernaut
35
------------------------
Kaldheim
2
------------------------
Kamigawa
8
------------------------
Karn
2
------------------------
Karsus
1
------------------------
Kavu
55
------------------------
Kaya
2
------------------------
Kephalai
2
------------------------
Kinshala
1
------------------------
Kiora
4
------------------------
Kirin
7
------------------------
Kithkin
87
------------------------
Knight
380
------------------------
Kobold
15
------------------------
Kolbahan
2
------------------------
Kor
82
------------------------
Koth
2
------------------------
Kraken
24
------------------------
Kyneth
2
------------------------
Lady
1
------------------------
Lair
5
------------------------
Lamia
1
------------------------
Lammasu
2
------------------------
Leech
17
------------------------
Legend
3
------------------------
Leviathan
34
------------------------
Lhurgoyf
21
------------------------
Licid
12
------------------------
Liliana
15
------------------------
Lizard
90
------------------------
Locus
3
------------------------
Lord
1
------------------------
Lorwyn
8
------------------------
Luvion
1
------------------------
Manticore
9
------------------------
Masticore
7
------------------------
Mercadia
2
------------------------
Mercenary
53
------------------------
Merfolk
252
------------------------
Metathran
10
------------------------
Mime
2
------------------------
Mine
15
------------------------
Minion
62
------------------------
Minotaur
91
------------------------
Mirrodin
6
------------------------
Moag
2
------------------------
Mole
1
------------------------
Monger
7
------------------------
Mongoose
4
------------------------
Mongseng
2
------------------------
Monk
131
------------------------
Monkey
3
------------------------
Moonfolk
16
------------------------
Mountain
411
------------------------
Mummy
1
------------------------
Muraganda
2
------------------------
Mutant
79
------------------------
Myr
66
------------------------
Mystic
9
------------------------
Naga
17
------------------------
Nahiri
2
------------------------
Narset
1
------------------------
Nastiest,
0
------------------------
Nautilus
2
------------------------
Nephilim
6
------------------------
New Phyrexia
4
------------------------
Nightmare
49
------------------------
Nightstalker
20
------------------------
Ninja
31
------------------------
Nissa
9
------------------------
Nixilis
4
------------------------
Noggle
6
------------------------
Nomad
46
------------------------
Nymph
21
------------------------
Octopus
12
------------------------
Ogre
117
------------------------
Ooze
51
------------------------
Orc
105
------------------------
Orgg
8
------------------------
Ouphe
15
------------------------
Ox
19
------------------------
Oyster
2
------------------------
Paratrooper
1
------------------------
Pegasus
35
------------------------
Pest
2
------------------------
Phelddagrif
4
------------------------
Phoenix
29
------------------------
Phyrexia
2
------------------------
Pilot
8
------------------------
Pirate
33
------------------------
Plains
389
------------------------
Plant
89
------------------------
Power-Plant
0
------------------------
Praetor
11
------------------------
Processor
13
------------------------
Proper
1
------------------------
Pyrulea
1
------------------------
Rabbit
10
------------------------
Rabiah
2
------------------------
Ral
1
------------------------
Rat
103
------------------------
Rath
2
------------------------
Ravnica
16
------------------------
Rebel
65
------------------------
Reflection
1
------------------------
Regatha
2
------------------------
Rhino
43
------------------------
Rigger
2
------------------------
Rogue
319
------------------------
Sable
3
------------------------
Saheeli
1
------------------------
Salamander
9
------------------------
Samurai
38
------------------------
Saproling
1
------------------------
Sarkhan
5
------------------------
Satyr
24
------------------------
Scarecrow
33
------------------------
Scion
1
------------------------
Scorpion
13
------------------------
Scout
183
------------------------
Segovia
2
------------------------
Serpent
50
------------------------
Serra’s Realm
2
------------------------
Shade
46
------------------------
Shadowmoor
2
------------------------
Shaman
550
------------------------
Shandalar
4
------------------------
Shapeshifter
161
------------------------
Sheep
2
------------------------
Ship
1
------------------------
Shrine
10
------------------------
Siren
13
------------------------
Skeleton
98
------------------------
Slith
12
------------------------
Sliver
140
------------------------
Slug
10
------------------------
Snake
132
------------------------
Soldier
926
------------------------
Soltari
24
------------------------
Sorin
6
------------------------
Spawn
4
------------------------
Specter
51
------------------------
Spellshaper
68
------------------------
Sphinx
67
------------------------
Spider
109
------------------------
Spike
22
------------------------
Spirit
653
------------------------
Sponge
1
------------------------
Squid
5
------------------------
Squirrel
2
------------------------
Starfish
4
------------------------
Surrakar
6
------------------------
Swamp
409
------------------------
Tamiyo
2
------------------------
Teferi
1
------------------------
Tezzeret
6
------------------------
Thalakos
11
------------------------
The
1
------------------------
Thopter
33
------------------------
Thrull
48
------------------------
Tibalt
2
------------------------
Tower
15
------------------------
Townsfolk
2
------------------------
Trap
31
------------------------
Treefolk
104
------------------------
Troll
58
------------------------
Turtle
22
------------------------
Ugin
2
------------------------
Ulgrotha
2
------------------------
Unicorn
26
------------------------
Urza’s
48
------------------------
Valla
2
------------------------
Vampire
266
------------------------
Vedalken
75
------------------------
Vehicle
19
------------------------
Venser
2
------------------------
Viashino
47
------------------------
Volver
5
------------------------
Vraska
2
------------------------
Vryn
2
------------------------
Waiter
1
------------------------
Wall
297
------------------------
Warrior
906
------------------------
Weird
12
------------------------
Werewolf
87
------------------------
Whale
11
------------------------
Wildfire
2
------------------------
Wizard
942
------------------------
Wolf
72
------------------------
Wolverine
7
------------------------
Wombat
4
------------------------
Worm
12
------------------------
Wraith
23
------------------------
Wurm
154
------------------------
Xenagos
1
------------------------
Xerex
2
------------------------
Yeti
21
------------------------
Zendikar
8
------------------------
Zombie
621
------------------------
Zubera
7
