{
[
{
"name":"Advisor"
"numCards":71
}
, 
{
"name":"Aetherborn"
"numCards":16
}
, 
{
"name":"Ajani"
"numCards":16
}
, 
{
"name":"Alara"
"numCards":10
}
, 
{
"name":"Ally"
"numCards":112
}
, 
{
"name":"Angel"
"numCards":303
}
, 
{
"name":"Antelope"
"numCards":15
}
, 
{
"name":"Ape"
"numCards":55
}
, 
{
"name":"Arcane"
"numCards":118
}
, 
{
"name":"Archer"
"numCards":112
}
, 
{
"name":"Archon"
"numCards":19
}
, 
{
"name":"Arkhos"
"numCards":2
}
, 
{
"name":"Arlinn"
"numCards":2
}
, 
{
"name":"Artificer"
"numCards":138
}
, 
{
"name":"Ashiok"
"numCards":1
}
, 
{
"name":"Assassin"
"numCards":81
}
, 
{
"name":"Assembly-Worker"
"numCards":0
}
, 
{
"name":"Atog"
"numCards":20
}
, 
{
"name":"Aura"
"numCards":1622
}
, 
{
"name":"Aurochs"
"numCards":7
}
, 
{
"name":"Avatar"
"numCards":133
}
, 
{
"name":"Azgol"
"numCards":2
}
, 
{
"name":"Baddest,"
"numCards":0
}
, 
{
"name":"Badger"
"numCards":6
}
, 
{
"name":"Barbarian"
"numCards":61
}
, 
{
"name":"Basilisk"
"numCards":27
}
, 
{
"name":"Bat"
"numCards":27
}
, 
{
"name":"Bear"
"numCards":45
}
, 
{
"name":"Beast"
"numCards":522
}
, 
{
"name":"Beeble"
"numCards":3
}
, 
{
"name":"Belenon"
"numCards":4
}
, 
{
"name":"Berserker"
"numCards":108
}
, 
{
"name":"Biggest,"
"numCards":0
}
, 
{
"name":"Bird"
"numCards":364
}
, 
{
"name":"Boar"
"numCards":56
}
, 
{
"name":"Bolas"
"numCards":3
}
, 
{
"name":"Bolas’s Meditation Realm"
"numCards":2
}
, 
{
"name":"Bringer"
"numCards":5
}
, 
{
"name":"Brushwagg"
"numCards":1
}
, 
{
"name":"Bureaucrat"
"numCards":1
}
, 
{
"name":"Camel"
"numCards":3
}
, 
{
"name":"Carrier"
"numCards":11
}
, 
{
"name":"Cat"
"numCards":243
}
, 
{
"name":"Centaur"
"numCards":65
}
, 
{
"name":"Cephalid"
"numCards":17
}
, 
{
"name":"Chandra"
"numCards":16
}
, 
{
"name":"Chicken"
"numCards":5
}
, 
{
"name":"Child"
"numCards":3
}
, 
{
"name":"Chimera"
"numCards":17
}
, 
{
"name":"Clamfolk"
"numCards":3
}
, 
